# JRE version: OpenJDK Runtime Environment (8.0_242-b01) (build 1.8.0_242-release-1644-b01)
# Java VM: OpenJDK 64-Bit Server VM (25.242-b01 mixed mode windows-amd64 compressed oops)
Heap:
 PSYoungGen      total 617984K, used 139074K [0x00000000d5580000, 0x00000000ffd00000, 0x0000000100000000)
  eden space 542208K, 24% used [0x00000000d5580000,0x00000000dd848ab0,0x00000000f6700000)
  from space 75776K, 6% used [0x00000000f6700000,0x00000000f6c08000,0x00000000fb100000)
  to   space 74240K, 0% used [0x00000000fb480000,0x00000000fb480000,0x00000000ffd00000)
 ParOldGen       total 428032K, used 158107K [0x0000000080000000, 0x000000009a200000, 0x00000000d5580000)
  object space 428032K, 36% used [0x0000000080000000,0x0000000089a66cc8,0x000000009a200000)
 Metaspace       used 204687K, capacity 218160K, committed 218480K, reserved 1239040K
  class space    used 26322K, capacity 28787K, committed 29056K, reserved 1048576K
GC Heap History (10 events):
Event: 19942.016 GC heap before
{Heap before GC invocations=87 (full 5):
 PSYoungGen      total 548864K, used 504051K [0x00000000d5580000, 0x00000000fec00000, 0x0000000100000000)
  eden space 467968K, 100% used [0x00000000d5580000,0x00000000f1e80000,0x00000000f1e80000)
  from space 80896K, 44% used [0x00000000f1e80000,0x00000000f41bcc18,0x00000000f6d80000)
  to   space 78848K, 0% used [0x00000000f9f00000,0x00000000f9f00000,0x00000000fec00000)
 ParOldGen       total 301056K, used 274732K [0x0000000080000000, 0x0000000092600000, 0x00000000d5580000)
  object space 301056K, 91% used [0x0000000080000000,0x0000000090c4b0a0,0x0000000092600000)
 Metaspace       used 202563K, capacity 216306K, committed 216432K, reserved 1236992K
  class space    used 26172K, capacity 28703K, committed 28800K, reserved 1048576K
Event: 19942.147 GC heap after
Heap after GC invocations=87 (full 5):
 PSYoungGen      total 599040K, used 42255K [0x00000000d5580000, 0x00000000fed00000, 0x0000000100000000)
  eden space 520192K, 0% used [0x00000000d5580000,0x00000000d5580000,0x00000000f5180000)
  from space 78848K, 53% used [0x00000000f9f00000,0x00000000fc843e78,0x00000000fec00000)
  to   space 79360K, 0% used [0x00000000f5180000,0x00000000f5180000,0x00000000f9f00000)
 ParOldGen       total 301056K, used 281480K [0x0000000080000000, 0x0000000092600000, 0x00000000d5580000)
  object space 301056K, 93% used [0x0000000080000000,0x00000000912e23c0,0x0000000092600000)
 Metaspace       used 202563K, capacity 216306K, committed 216432K, reserved 1236992K
  class space    used 26172K, capacity 28703K, committed 28800K, reserved 1048576K
}
Event: 19942.147 GC heap before
{Heap before GC invocations=88 (full 6):
 PSYoungGen      total 599040K, used 42255K [0x00000000d5580000, 0x00000000fed00000, 0x0000000100000000)
  eden space 520192K, 0% used [0x00000000d5580000,0x00000000d5580000,0x00000000f5180000)
  from space 78848K, 53% used [0x00000000f9f00000,0x00000000fc843e78,0x00000000fec00000)
  to   space 79360K, 0% used [0x00000000f5180000,0x00000000f5180000,0x00000000f9f00000)
 ParOldGen       total 301056K, used 281480K [0x0000000080000000, 0x0000000092600000, 0x00000000d5580000)
  object space 301056K, 93% used [0x0000000080000000,0x00000000912e23c0,0x0000000092600000)
 Metaspace       used 202563K, capacity 216306K, committed 216432K, reserved 1236992K
  class space    used 26172K, capacity 28703K, committed 28800K, reserved 1048576K
Event: 19943.110 GC heap after
Heap after GC invocations=88 (full 6):
 PSYoungGen      total 599040K, used 0K [0x00000000d5580000, 0x00000000fed00000, 0x0000000100000000)
  eden space 520192K, 0% used [0x00000000d5580000,0x00000000d5580000,0x00000000f5180000)
  from space 78848K, 0% used [0x00000000f9f00000,0x00000000f9f00000,0x00000000fec00000)
  to   space 79360K, 0% used [0x00000000f5180000,0x00000000f5180000,0x00000000f9f00000)
 ParOldGen       total 428032K, used 146418K [0x0000000080000000, 0x000000009a200000, 0x00000000d5580000)
  object space 428032K, 34% used [0x0000000080000000,0x0000000088efc800,0x000000009a200000)
 Metaspace       used 199879K, capacity 212662K, committed 216432K, reserved 1236992K
  class space    used 25732K, capacity 28108K, committed 28800K, reserved 1048576K
}
Event: 19947.399 GC heap before
{Heap before GC invocations=89 (full 6):
 PSYoungGen      total 599040K, used 520192K [0x00000000d5580000, 0x00000000fed00000, 0x0000000100000000)
  eden space 520192K, 100% used [0x00000000d5580000,0x00000000f5180000,0x00000000f5180000)
  from space 78848K, 0% used [0x00000000f9f00000,0x00000000f9f00000,0x00000000fec00000)
  to   space 79360K, 0% used [0x00000000f5180000,0x00000000f5180000,0x00000000f9f00000)
 ParOldGen       total 428032K, used 146418K [0x0000000080000000, 0x000000009a200000, 0x00000000d5580000)
  object space 428032K, 34% used [0x0000000080000000,0x0000000088efc800,0x000000009a200000)
 Metaspace       used 204311K, capacity 217754K, committed 218096K, reserved 1239040K
  class space    used 26289K, capacity 28748K, committed 28928K, reserved 1048576K
Event: 19947.434 GC heap after
Heap after GC invocations=89 (full 6):
 PSYoungGen      total 599552K, used 9845K [0x00000000d5580000, 0x00000000ffc80000, 0x0000000100000000)
  eden space 520192K, 0% used [0x00000000d5580000,0x00000000d5580000,0x00000000f5180000)
  from space 79360K, 12% used [0x00000000f5180000,0x00000000f5b1d588,0x00000000f9f00000)
  to   space 77312K, 0% used [0x00000000fb100000,0x00000000fb100000,0x00000000ffc80000)
 ParOldGen       total 428032K, used 146426K [0x0000000080000000, 0x000000009a200000, 0x00000000d5580000)
  object space 428032K, 34% used [0x0000000080000000,0x0000000088efe800,0x000000009a200000)
 Metaspace       used 204311K, capacity 217754K, committed 218096K, reserved 1239040K
  class space    used 26289K, capacity 28748K, committed 28928K, reserved 1048576K
}
Event: 19949.429 GC heap before
{Heap before GC invocations=90 (full 6):
 PSYoungGen      total 599552K, used 530037K [0x00000000d5580000, 0x00000000ffc80000, 0x0000000100000000)
  eden space 520192K, 100% used [0x00000000d5580000,0x00000000f5180000,0x00000000f5180000)
  from space 79360K, 12% used [0x00000000f5180000,0x00000000f5b1d588,0x00000000f9f00000)
  to   space 77312K, 0% used [0x00000000fb100000,0x00000000fb100000,0x00000000ffc80000)
 ParOldGen       total 428032K, used 146426K [0x0000000080000000, 0x000000009a200000, 0x00000000d5580000)
  object space 428032K, 34% used [0x0000000080000000,0x0000000088efe800,0x000000009a200000)
 Metaspace       used 204447K, capacity 217904K, committed 218096K, reserved 1239040K
  class space    used 26303K, capacity 28751K, committed 28928K, reserved 1048576K
Event: 19949.470 GC heap after
Heap after GC invocations=90 (full 6):
 PSYoungGen      total 617984K, used 8084K [0x00000000d5580000, 0x00000000ffb00000, 0x0000000100000000)
  eden space 542208K, 0% used [0x00000000d5580000,0x00000000d5580000,0x00000000f6700000)
  from space 75776K, 10% used [0x00000000fb100000,0x00000000fb8e53c8,0x00000000ffb00000)
  to   space 75776K, 0% used [0x00000000f6700000,0x00000000f6700000,0x00000000fb100000)
 ParOldGen       total 428032K, used 153764K [0x0000000080000000, 0x000000009a200000, 0x00000000d5580000)
  object space 428032K, 35% used [0x0000000080000000,0x00000000896292e8,0x000000009a200000)
 Metaspace       used 204447K, capacity 217904K, committed 218096K, reserved 1239040K
  class space    used 26303K, capacity 28751K, committed 28928K, reserved 1048576K
}
Event: 19952.013 GC heap before
{Heap before GC invocations=91 (full 6):
 PSYoungGen      total 617984K, used 550292K [0x00000000d5580000, 0x00000000ffb00000, 0x0000000100000000)
  eden space 542208K, 100% used [0x00000000d5580000,0x00000000f6700000,0x00000000f6700000)
  from space 75776K, 10% used [0x00000000fb100000,0x00000000fb8e53c8,0x00000000ffb00000)
  to   space 75776K, 0% used [0x00000000f6700000,0x00000000f6700000,0x00000000fb100000)
 ParOldGen       total 428032K, used 153764K [0x0000000080000000, 0x000000009a200000, 0x00000000d5580000)
  object space 428032K, 35% used [0x0000000080000000,0x00000000896292e8,0x000000009a200000)
 Metaspace       used 204572K, capacity 217980K, committed 218352K, reserved 1239040K
  class space    used 26304K, capacity 28751K, committed 28928K, reserved 1048576K
Event: 19952.034 GC heap after
Heap after GC invocations=91 (full 6):
 PSYoungGen      total 617984K, used 5152K [0x00000000d5580000, 0x00000000ffd00000, 0x0000000100000000)
  eden space 542208K, 0% used [0x00000000d5580000,0x00000000d5580000,0x00000000f6700000)
  from space 75776K, 6% used [0x00000000f6700000,0x00000000f6c08000,0x00000000fb100000)
  to   space 74240K, 0% used [0x00000000fb480000,0x00000000fb480000,0x00000000ffd00000)
 ParOldGen       total 428032K, used 158107K [0x0000000080000000, 0x000000009a200000, 0x00000000d5580000)
  object space 428032K, 36% used [0x0000000080000000,0x0000000089a66cc8,0x000000009a200000)
 Metaspace       used 204572K, capacity 217980K, committed 218352K, reserved 1239040K
  class space    used 26304K, capacity 28751K, committed 28928K, reserved 1048576K
}

